2019/01/10 11:55:53 [warn] 1546: 这个XXX工作的有问题,显示的结果是=YYYY (8: Exec format error) 2019/08/17 07:36:22 [notice] 21975: worker process 21975 启动成功！
2019/08/17 07:36:22 [notice] 21976: worker process 21976 启动成功！
2019/08/17 07:36:22 [notice] 21978: worker process 21978 启动成功！
2019/08/17 07:36:22 [notice] 21977: worker process 21977 启动成功！
2019/08/17 07:48:31 [notice] 23466: worker process 23466 启动成功！
2019/08/17 07:48:31 [notice] 23467: worker process 23467 启动成功！
2019/08/17 07:48:31 [notice] 23468: worker process 23468 启动成功！
2019/08/17 07:48:31 [notice] 23469: worker process 23469 启动成功！
2019/08/17 07:52:11 [notice] 23607: worker process 23607 启动成功！
2019/08/17 07:52:11 [notice] 23608: worker process 23608 启动成功！
2019/08/17 07:52:11 [notice] 23610: worker process 23610 启动成功！
2019/08/17 07:52:11 [notice] 23609: worker process 23609 启动成功！
2019/08/17 09:09:12 [notice] 27287: worker process 27287 启动成功！
2019/08/17 09:09:12 [notice] 27288: worker process 27288 启动成功！
2019/08/17 09:09:12 [notice] 27290: worker process 27290 启动成功！
2019/08/17 09:09:12 [notice] 27289: worker process 27289 启动成功！
2019/08/17 09:13:02 [notice] 27511: worker process 27511 启动成功！
2019/08/17 09:13:02 [notice] 27512: worker process 27512 启动成功！
2019/08/17 09:13:02 [notice] 27513: worker process 27513 启动成功！
2019/08/17 09:13:02 [notice] 27514: worker process 27514 启动成功！
2019/08/17 09:16:36 [notice] 27720: worker process 27720 启动成功！
2019/08/17 09:16:36 [notice] 27721: worker process 27721 启动成功！
2019/08/17 09:16:36 [notice] 27722: worker process 27722 启动成功！
2019/08/17 09:16:36 [notice] 27723: worker process 27723 启动成功！
2019/08/17 09:34:04 [notice] 29208: worker process 29208 启动成功！
2019/08/17 09:34:04 [notice] 29209: worker process 29209 启动成功！
2019/08/17 09:34:04 [notice] 29211: worker process 29211 启动成功！
2019/08/17 09:34:04 [notice] 29210: worker process 29210 启动成功！
2019/08/17 15:59:21 [notice] 5427: worker process 5427 启动成功！
2019/08/17 15:59:21 [notice] 5428: worker process 5428 启动成功！
2019/08/17 15:59:21 [notice] 5430: worker process 5430 启动成功！
2019/08/17 15:59:21 [notice] 5429: worker process 5429 启动成功！
2019/08/17 17:47:43 [stderr] 10764: xmoon: sigaction(SIGHUP) succed!

2019/08/17 17:47:43 [stderr] 10764: xmoon: sigaction(SIGINT) succed!

2019/08/17 17:47:43 [stderr] 10764: xmoon: sigaction(SIGTERM) succed!

2019/08/17 17:47:43 [stderr] 10764: xmoon: sigaction(SIGCHLD) succed!

2019/08/17 17:47:43 [stderr] 10764: xmoon: sigaction(SIGQUIT) succed!

2019/08/17 17:47:43 [stderr] 10764: xmoon: sigaction(SIGIO) succed!

2019/08/17 17:47:43 [stderr] 10764: xmoon: sigaction(SIGSYS,SIG_IGN) succed!

2019/08/17 17:49:01 [stderr] 10898: xmoon: sigaction(SIGHUP) succed!

2019/08/17 17:49:01 [stderr] 10898: xmoon: sigaction(SIGINT) succed!

2019/08/17 17:49:01 [stderr] 10898: xmoon: sigaction(SIGTERM) succed!

2019/08/17 17:49:01 [stderr] 10898: xmoon: sigaction(SIGCHLD) succed!

2019/08/17 17:49:01 [stderr] 10898: xmoon: sigaction(SIGQUIT) succed!

2019/08/17 17:49:01 [stderr] 10898: xmoon: sigaction(SIGIO) succed!

2019/08/17 17:49:01 [stderr] 10898: xmoon: sigaction(SIGSYS,SIG_IGN) succed!

2019/08/17 17:49:22 [stderr] 11009: xmoon: sigaction(SIGHUP) succed!

2019/08/17 17:49:22 [stderr] 11009: xmoon: sigaction(SIGINT) succed!

2019/08/17 17:49:22 [stderr] 11009: xmoon: sigaction(SIGTERM) succed!

2019/08/17 17:49:22 [stderr] 11009: xmoon: sigaction(SIGCHLD) succed!

2019/08/17 17:49:22 [stderr] 11009: xmoon: sigaction(SIGQUIT) succed!

2019/08/17 17:49:22 [stderr] 11009: xmoon: sigaction(SIGIO) succed!

2019/08/17 17:49:22 [stderr] 11009: xmoon: sigaction(SIGSYS,SIG_IGN) succed!

2019/08/17 17:50:29 [stderr] 11136: xmoon: sigaction(SIGHUP) succed!

2019/08/17 17:50:29 [stderr] 11136: xmoon: sigaction(SIGINT) succed!

2019/08/17 17:50:29 [stderr] 11136: xmoon: sigaction(SIGTERM) succed!

2019/08/17 17:50:29 [stderr] 11136: xmoon: sigaction(SIGCHLD) succed!

2019/08/17 17:50:29 [stderr] 11136: xmoon: sigaction(SIGQUIT) succed!

2019/08/17 17:50:29 [stderr] 11136: xmoon: sigaction(SIGIO) succed!

2019/08/17 17:50:29 [stderr] 11136: xmoon: sigaction(SIGSYS,SIG_IGN) succed!

2019/08/17 17:51:12 [stderr] 11253: xmoon: sigaction(SIGHUP) succed!

2019/08/17 17:51:12 [stderr] 11253: xmoon: sigaction(SIGINT) succed!

2019/08/17 17:51:12 [stderr] 11253: xmoon: sigaction(SIGTERM) succed!

2019/08/17 17:51:12 [stderr] 11253: xmoon: sigaction(SIGCHLD) succed!

2019/08/17 17:51:12 [stderr] 11253: xmoon: sigaction(SIGQUIT) succed!

2019/08/17 17:51:12 [stderr] 11253: xmoon: sigaction(SIGIO) succed!

2019/08/17 17:51:12 [stderr] 11253: xmoon: sigaction(SIGSYS,SIG_IGN) succed!

2019/08/17 17:52:43 [stderr] 11412: xmoon: sigaction(SIGHUP) succed!

2019/08/17 17:52:43 [stderr] 11412: xmoon: sigaction(SIGINT) succed!

2019/08/17 17:52:43 [stderr] 11412: xmoon: sigaction(SIGTERM) succed!

2019/08/17 17:52:43 [stderr] 11412: xmoon: sigaction(SIGCHLD) succed!

2019/08/17 17:52:43 [stderr] 11412: xmoon: sigaction(SIGQUIT) succed!

2019/08/17 17:52:43 [stderr] 11412: xmoon: sigaction(SIGIO) succed!

2019/08/17 17:52:43 [stderr] 11412: xmoon: sigaction(SIGSYS,SIG_IGN) succed!

2019/08/17 17:52:43 [notice] 11412: V 11412 启动成功
2019/08/17 17:52:43 [notice] 11413: worker process 11413 启动成功！
2019/08/17 17:52:43 [notice] 11414: worker process 11414 启动成功！
2019/08/17 17:52:43 [notice] 11415: worker process 11415 启动成功！
2019/08/17 17:52:43 [notice] 11416: worker process 11416 启动成功！
2019/08/17 17:57:10 [stderr] 11612: xmoon: sigaction(SIGHUP) succed!

2019/08/17 17:57:10 [stderr] 11612: xmoon: sigaction(SIGINT) succed!

2019/08/17 17:57:10 [stderr] 11612: xmoon: sigaction(SIGTERM) succed!

2019/08/17 17:57:10 [stderr] 11612: xmoon: sigaction(SIGCHLD) succed!

2019/08/17 17:57:10 [stderr] 11612: xmoon: sigaction(SIGQUIT) succed!

2019/08/17 17:57:10 [stderr] 11612: xmoon: sigaction(SIGIO) succed!

2019/08/17 17:57:10 [stderr] 11612: xmoon: sigaction(SIGSYS,SIG_IGN) succed!

2019/08/17 17:57:10 [notice] 11612: OV 11612 启动成功
2019/08/17 17:57:10 [notice] 11613: worker process 11613 启动成功！
2019/08/17 17:57:10 [notice] 11614: worker process 11614 启动成功！
2019/08/17 17:57:10 [notice] 11615: worker process 11615 启动成功！
2019/08/17 17:57:10 [notice] 11616: worker process 11616 启动成功！
2019/08/17 17:59:59 [stderr] 11767: xmoon: sigaction(SIGHUP) succed!

2019/08/17 17:59:59 [stderr] 11767: xmoon: sigaction(SIGINT) succed!

2019/08/17 17:59:59 [stderr] 11767: xmoon: sigaction(SIGTERM) succed!

2019/08/17 17:59:59 [stderr] 11767: xmoon: sigaction(SIGCHLD) succed!

2019/08/17 17:59:59 [stderr] 11767: xmoon: sigaction(SIGQUIT) succed!

2019/08/17 17:59:59 [stderr] 11767: xmoon: sigaction(SIGIO) succed!

2019/08/17 17:59:59 [stderr] 11767: xmoon: sigaction(SIGSYS,SIG_IGN) succed!

2019/08/17 18:00:10 [stderr] 11773: xmoon: sigaction(SIGHUP) succed!

2019/08/17 18:00:10 [stderr] 11773: xmoon: sigaction(SIGINT) succed!

2019/08/17 18:00:10 [stderr] 11773: xmoon: sigaction(SIGTERM) succed!

2019/08/17 18:00:10 [stderr] 11773: xmoon: sigaction(SIGCHLD) succed!

2019/08/17 18:00:10 [stderr] 11773: xmoon: sigaction(SIGQUIT) succed!

2019/08/17 18:00:10 [stderr] 11773: xmoon: sigaction(SIGIO) succed!

2019/08/17 18:00:10 [stderr] 11773: xmoon: sigaction(SIGSYS,SIG_IGN) succed!

2019/08/17 18:10:14 [stderr] 12310: xmoon: sigaction(SIGHUP) succed!

2019/08/17 18:10:14 [stderr] 12310: xmoon: sigaction(SIGINT) succed!

2019/08/17 18:10:14 [stderr] 12310: xmoon: sigaction(SIGTERM) succed!

2019/08/17 18:10:14 [stderr] 12310: xmoon: sigaction(SIGCHLD) succed!

2019/08/17 18:10:14 [stderr] 12310: xmoon: sigaction(SIGQUIT) succed!

2019/08/17 18:10:14 [stderr] 12310: xmoon: sigaction(SIGIO) succed!

2019/08/17 18:10:14 [stderr] 12310: xmoon: sigaction(SIGSYS,SIG_IGN) succed!

2019/08/17 18:11:03 [stderr] 12410: xmoon: sigaction(SIGHUP) succed!

2019/08/17 18:11:03 [stderr] 12410: xmoon: sigaction(SIGINT) succed!

2019/08/17 18:11:03 [stderr] 12410: xmoon: sigaction(SIGTERM) succed!

2019/08/17 18:11:03 [stderr] 12410: xmoon: sigaction(SIGCHLD) succed!

2019/08/17 18:11:03 [stderr] 12410: xmoon: sigaction(SIGQUIT) succed!

2019/08/17 18:11:03 [stderr] 12410: xmoon: sigaction(SIGIO) succed!

2019/08/17 18:11:03 [stderr] 12410: xmoon: sigaction(SIGSYS,SIG_IGN) succed!

2019/08/17 18:11:03 [notice] 12410: RV 12410 启动成功
2019/08/17 18:11:03 [notice] 12413: worker process 12413 启动成功！
2019/08/17 18:11:03 [notice] 12411: worker process 12411 启动成功！
2019/08/17 18:11:03 [notice] 12414: worker process 12414 启动成功！
2019/08/17 18:11:03 [notice] 12412: worker process 12412 启动成功！
2019/08/17 18:12:27 [stderr] 12651: xmoon: sigaction(SIGHUP) succed!

2019/08/17 18:12:27 [stderr] 12651: xmoon: sigaction(SIGINT) succed!

2019/08/17 18:12:27 [stderr] 12651: xmoon: sigaction(SIGTERM) succed!

2019/08/17 18:12:27 [stderr] 12651: xmoon: sigaction(SIGCHLD) succed!

2019/08/17 18:12:27 [stderr] 12651: xmoon: sigaction(SIGQUIT) succed!

2019/08/17 18:12:27 [stderr] 12651: xmoon: sigaction(SIGIO) succed!

2019/08/17 18:12:27 [stderr] 12651: xmoon: sigaction(SIGSYS,SIG_IGN) succed!

2019/08/17 18:12:27 [notice] 12652: :hU 12652 启动成功
2019/08/17 18:12:27 [notice] 12653: worker process 12653 启动成功！
2019/08/17 18:12:27 [notice] 12656: worker process 12656 启动成功！
2019/08/17 18:12:27 [notice] 12655: worker process 12655 启动成功！
2019/08/17 18:12:27 [notice] 12654: worker process 12654 启动成功！
2019/08/17 18:12:48 [stderr] 12666: xmoon: sigaction(SIGHUP) succed!

2019/08/17 18:12:48 [stderr] 12666: xmoon: sigaction(SIGINT) succed!

2019/08/17 18:12:48 [stderr] 12666: xmoon: sigaction(SIGTERM) succed!

2019/08/17 18:12:48 [stderr] 12666: xmoon: sigaction(SIGCHLD) succed!

2019/08/17 18:12:48 [stderr] 12666: xmoon: sigaction(SIGQUIT) succed!

2019/08/17 18:12:48 [stderr] 12666: xmoon: sigaction(SIGIO) succed!

2019/08/17 18:12:48 [stderr] 12666: xmoon: sigaction(SIGSYS,SIG_IGN) succed!

2019/08/17 18:12:59 [notice] 12672:  wUUU 12672 启动成功
2019/08/17 18:12:59 [notice] 12673: worker process 12673 启动成功！
2019/08/17 18:12:59 [notice] 12674: worker process 12674 启动成功！
2019/08/17 18:12:59 [notice] 12675: worker process 12675 启动成功！
2019/08/17 18:12:59 [notice] 12676: worker process 12676 启动成功！
2019/08/17 18:14:18 [stderr] 12794: xmoon: sigaction(SIGHUP) succed!

2019/08/17 18:14:18 [stderr] 12794: xmoon: sigaction(SIGINT) succed!

2019/08/17 18:14:18 [stderr] 12794: xmoon: sigaction(SIGTERM) succed!

2019/08/17 18:14:18 [stderr] 12794: xmoon: sigaction(SIGCHLD) succed!

2019/08/17 18:14:18 [stderr] 12794: xmoon: sigaction(SIGQUIT) succed!

2019/08/17 18:14:18 [stderr] 12794: xmoon: sigaction(SIGIO) succed!

2019/08/17 18:14:18 [stderr] 12794: xmoon: sigaction(SIGSYS,SIG_IGN) succed!

2019/08/17 18:14:18 [notice] 12795: U 12795 启动成功
2019/08/17 18:14:18 [notice] 12797: worker process 12797 启动成功！
2019/08/17 18:14:18 [notice] 12799: worker process 12799 启动成功！
2019/08/17 18:14:18 [notice] 12798: worker process 12798 启动成功！
2019/08/17 18:14:18 [notice] 12796: worker process 12796 启动成功！
2019/08/17 18:15:23 [stderr] 12813: xmoon: sigaction(SIGHUP) succed!

2019/08/17 18:15:23 [stderr] 12813: xmoon: sigaction(SIGINT) succed!

2019/08/17 18:15:23 [stderr] 12813: xmoon: sigaction(SIGTERM) succed!

2019/08/17 18:15:23 [stderr] 12813: xmoon: sigaction(SIGCHLD) succed!

2019/08/17 18:15:23 [stderr] 12813: xmoon: sigaction(SIGQUIT) succed!

2019/08/17 18:15:23 [stderr] 12813: xmoon: sigaction(SIGIO) succed!

2019/08/17 18:15:23 [stderr] 12813: xmoon: sigaction(SIGSYS,SIG_IGN) succed!

2019/08/17 18:15:23 [notice] 12814: /TīU 12814 启动成功
2019/08/17 18:15:23 [notice] 12815: worker process 12815 启动成功！
2019/08/17 18:15:23 [notice] 12818: worker process 12818 启动成功！
2019/08/17 18:15:23 [notice] 12817: worker process 12817 启动成功！
2019/08/17 18:15:23 [notice] 12816: worker process 12816 启动成功！
